Sat, 24 Nov 2018 18:45:47 GMT express:router:route new '/get/config'
Sat, 24 Nov 2018 18:45:47 GMT express:router:layer new '/get/config'
Sat, 24 Nov 2018 18:45:47 GMT express:router:route get '/get/config'
Sat, 24 Nov 2018 18:45:47 GMT express:router:layer new '/'
Sat, 24 Nov 2018 18:45:47 GMT express:router:route new '/post/trigger'
Sat, 24 Nov 2018 18:45:47 GMT express:router:layer new '/post/trigger'
Sat, 24 Nov 2018 18:45:47 GMT express:router:route post '/post/trigger'
Sat, 24 Nov 2018 18:45:47 GMT express:router:layer new '/'
Sat, 24 Nov 2018 18:45:47 GMT express:router:route new '/post/update-keyboard-path'
Sat, 24 Nov 2018 18:45:47 GMT express:router:layer new '/post/update-keyboard-path'
Sat, 24 Nov 2018 18:45:47 GMT express:router:route post '/post/update-keyboard-path'
Sat, 24 Nov 2018 18:45:47 GMT express:router:layer new '/'
Sat, 24 Nov 2018 18:45:47 GMT express:application set "x-powered-by" to true
Sat, 24 Nov 2018 18:45:47 GMT express:application set "etag" to 'weak'
Sat, 24 Nov 2018 18:45:47 GMT express:application set "etag fn" to [Function: generateETag]
Sat, 24 Nov 2018 18:45:47 GMT express:application set "env" to 'development'
Sat, 24 Nov 2018 18:45:47 GMT express:application set "query parser" to 'extended'
Sat, 24 Nov 2018 18:45:47 GMT express:application set "query parser fn" to [Function: parseExtendedQueryString]
Sat, 24 Nov 2018 18:45:47 GMT express:application set "subdomain offset" to 2
Sat, 24 Nov 2018 18:45:47 GMT express:application set "trust proxy" to false
Sat, 24 Nov 2018 18:45:47 GMT express:application set "trust proxy fn" to [Function: trustNone]
Sat, 24 Nov 2018 18:45:47 GMT express:application booting in development mode
Sat, 24 Nov 2018 18:45:47 GMT express:application set "view" to [Function: View]
Sat, 24 Nov 2018 18:45:47 GMT express:application set "views" to 'D:\\Users\\Kishan\\Documents\\Projects\\AutoHotKeyScripts\\views'
Sat, 24 Nov 2018 18:45:47 GMT express:application set "jsonp callback name" to 'callback'
Sat, 24 Nov 2018 18:45:47 GMT express:router use '/' query
Sat, 24 Nov 2018 18:45:47 GMT express:router:layer new '/'
Sat, 24 Nov 2018 18:45:47 GMT express:router use '/' expressInit
Sat, 24 Nov 2018 18:45:47 GMT express:router:layer new '/'
Sat, 24 Nov 2018 18:45:47 GMT express:router use '/' jsonParser
Sat, 24 Nov 2018 18:45:47 GMT express:router:layer new '/'
Sat, 24 Nov 2018 18:45:47 GMT express:router use '/api' router
Sat, 24 Nov 2018 18:45:47 GMT express:router:layer new '/api'
server info Server now listenning on port 8181
Sat, 24 Nov 2018 19:49:52 GMT express:router dispatching GET /api/get/config
api debug Sending a config copy as JSON...
Sat, 24 Nov 2018 19:49:52 GMT express:router query  : /api/get/config
Sat, 24 Nov 2018 19:49:52 GMT express:router expressInit  : /api/get/config
Sat, 24 Nov 2018 19:49:52 GMT express:router jsonParser  : /api/get/config
Sat, 24 Nov 2018 19:49:52 GMT body-parser:json skip empty body
Sat, 24 Nov 2018 19:49:52 GMT express:router trim prefix (/api) from url /api/get/config
Sat, 24 Nov 2018 19:49:52 GMT express:router router /api : /api/get/config
Sat, 24 Nov 2018 19:49:52 GMT express:router dispatching GET /get/config
Sat, 24 Nov 2018 20:20:47 GMT express:router dispatching POST /api/post/trigger
Sat, 24 Nov 2018 20:20:47 GMT express:router query  : /api/post/trigger
Sat, 24 Nov 2018 20:20:47 GMT express:router expressInit  : /api/post/trigger
Sat, 24 Nov 2018 20:20:47 GMT express:router jsonParser  : /api/post/trigger
Sat, 24 Nov 2018 20:20:47 GMT body-parser:json content-type "application/json"
Sat, 24 Nov 2018 20:20:47 GMT body-parser:json content-encoding "identity"
Sat, 24 Nov 2018 20:20:47 GMT body-parser:json read body
Sat, 24 Nov 2018 20:20:48 GMT body-parser:json parse body
Sat, 24 Nov 2018 20:20:48 GMT body-parser:json parse json
Sat, 24 Nov 2018 20:20:48 GMT express:router trim prefix (/api) from url /api/post/trigger
Sat, 24 Nov 2018 20:20:48 GMT express:router router /api : /api/post/trigger
Sat, 24 Nov 2018 20:20:48 GMT express:router dispatching POST /post/trigger
api debug Got keyboard logitech_g810 and hotkey P
ahk debug #Include D:\Users\Kishan\Documents\Projects\AutoHotKeyScripts\logitech_g810\index.ahk; TriggerP()
