Wed, 28 Nov 2018 17:52:37 GMT express:router:route new '/get/config'
Wed, 28 Nov 2018 17:52:37 GMT express:router:layer new '/get/config'
Wed, 28 Nov 2018 17:52:37 GMT express:router:route get '/get/config'
Wed, 28 Nov 2018 17:52:37 GMT express:router:layer new '/'
Wed, 28 Nov 2018 17:52:37 GMT express:router:route new '/post/trigger'
Wed, 28 Nov 2018 17:52:37 GMT express:router:layer new '/post/trigger'
Wed, 28 Nov 2018 17:52:37 GMT express:router:route post '/post/trigger'
Wed, 28 Nov 2018 17:52:37 GMT express:router:layer new '/'
Wed, 28 Nov 2018 17:52:37 GMT express:router:route new '/post/update-keyboard-path'
Wed, 28 Nov 2018 17:52:37 GMT express:router:layer new '/post/update-keyboard-path'
Wed, 28 Nov 2018 17:52:37 GMT express:router:route post '/post/update-keyboard-path'
Wed, 28 Nov 2018 17:52:37 GMT express:router:layer new '/'
Wed, 28 Nov 2018 17:52:37 GMT express:application set "x-powered-by" to true
Wed, 28 Nov 2018 17:52:37 GMT express:application set "etag" to 'weak'
Wed, 28 Nov 2018 17:52:37 GMT express:application set "etag fn" to [Function: generateETag]
Wed, 28 Nov 2018 17:52:37 GMT express:application set "env" to 'development'
Wed, 28 Nov 2018 17:52:37 GMT express:application set "query parser" to 'extended'
Wed, 28 Nov 2018 17:52:37 GMT express:application set "query parser fn" to [Function: parseExtendedQueryString]
Wed, 28 Nov 2018 17:52:37 GMT express:application set "subdomain offset" to 2
Wed, 28 Nov 2018 17:52:37 GMT express:application set "trust proxy" to false
Wed, 28 Nov 2018 17:52:37 GMT express:application set "trust proxy fn" to [Function: trustNone]
Wed, 28 Nov 2018 17:52:37 GMT express:application booting in development mode
Wed, 28 Nov 2018 17:52:37 GMT express:application set "view" to [Function: View]
Wed, 28 Nov 2018 17:52:37 GMT express:application set "views" to 'D:\\Users\\Kishan\\Documents\\Projects\\AutoHotKeyScripts\\views'
Wed, 28 Nov 2018 17:52:37 GMT express:application set "jsonp callback name" to 'callback'
Wed, 28 Nov 2018 17:52:41 GMT express:router use '/' query
Wed, 28 Nov 2018 17:52:41 GMT express:router:layer new '/'
Wed, 28 Nov 2018 17:52:41 GMT express:router use '/' expressInit
Wed, 28 Nov 2018 17:52:41 GMT express:router:layer new '/'
Wed, 28 Nov 2018 17:52:41 GMT express:router use '/' jsonParser
Wed, 28 Nov 2018 17:52:41 GMT express:router:layer new '/'
Wed, 28 Nov 2018 17:52:41 GMT express:router use '/api' router
Wed, 28 Nov 2018 17:52:41 GMT express:router:layer new '/api'
server info Server now listenning on port 8181
