Mon, 26 Nov 2018 18:19:03 GMT express:router:route new '/get/config'
Mon, 26 Nov 2018 18:19:03 GMT express:router:layer new '/get/config'
Mon, 26 Nov 2018 18:19:03 GMT express:router:route get '/get/config'
Mon, 26 Nov 2018 18:19:03 GMT express:router:layer new '/'
Mon, 26 Nov 2018 18:19:03 GMT express:router:route new '/post/trigger'
Mon, 26 Nov 2018 18:19:03 GMT express:router:layer new '/post/trigger'
Mon, 26 Nov 2018 18:19:03 GMT express:router:route post '/post/trigger'
Mon, 26 Nov 2018 18:19:03 GMT express:router:layer new '/'
Mon, 26 Nov 2018 18:19:03 GMT express:router:route new '/post/update-keyboard-path'
Mon, 26 Nov 2018 18:19:03 GMT express:router:layer new '/post/update-keyboard-path'
Mon, 26 Nov 2018 18:19:03 GMT express:router:route post '/post/update-keyboard-path'
Mon, 26 Nov 2018 18:19:03 GMT express:router:layer new '/'
Mon, 26 Nov 2018 18:19:03 GMT express:application set "x-powered-by" to true
Mon, 26 Nov 2018 18:19:03 GMT express:application set "etag" to 'weak'
Mon, 26 Nov 2018 18:19:03 GMT express:application set "etag fn" to [Function: generateETag]
Mon, 26 Nov 2018 18:19:03 GMT express:application set "env" to 'development'
Mon, 26 Nov 2018 18:19:03 GMT express:application set "query parser" to 'extended'
Mon, 26 Nov 2018 18:19:03 GMT express:application set "query parser fn" to [Function: parseExtendedQueryString]
Mon, 26 Nov 2018 18:19:03 GMT express:application set "subdomain offset" to 2
Mon, 26 Nov 2018 18:19:03 GMT express:application set "trust proxy" to false
Mon, 26 Nov 2018 18:19:03 GMT express:application set "trust proxy fn" to [Function: trustNone]
Mon, 26 Nov 2018 18:19:03 GMT express:application booting in development mode
Mon, 26 Nov 2018 18:19:03 GMT express:application set "view" to [Function: View]
Mon, 26 Nov 2018 18:19:03 GMT express:application set "views" to 'D:\\Users\\Kishan\\Documents\\Projects\\AutoHotKeyScripts\\views'
Mon, 26 Nov 2018 18:19:03 GMT express:application set "jsonp callback name" to 'callback'
Mon, 26 Nov 2018 18:19:03 GMT express:router use '/' query
Mon, 26 Nov 2018 18:19:03 GMT express:router:layer new '/'
Mon, 26 Nov 2018 18:19:03 GMT express:router use '/' expressInit
Mon, 26 Nov 2018 18:19:03 GMT express:router:layer new '/'
Mon, 26 Nov 2018 18:19:03 GMT express:router use '/' jsonParser
Mon, 26 Nov 2018 18:19:03 GMT express:router:layer new '/'
Mon, 26 Nov 2018 18:19:03 GMT express:router use '/api' router
Mon, 26 Nov 2018 18:19:03 GMT express:router:layer new '/api'
server info Server now listenning on port 8181
