Fri, 30 Nov 2018 18:10:45 GMT express:router:route new '/get/config'
Fri, 30 Nov 2018 18:10:45 GMT express:router:layer new '/get/config'
Fri, 30 Nov 2018 18:10:45 GMT express:router:route get '/get/config'
Fri, 30 Nov 2018 18:10:45 GMT express:router:layer new '/'
Fri, 30 Nov 2018 18:10:45 GMT express:router:route new '/post/trigger'
Fri, 30 Nov 2018 18:10:45 GMT express:router:layer new '/post/trigger'
Fri, 30 Nov 2018 18:10:45 GMT express:router:route post '/post/trigger'
Fri, 30 Nov 2018 18:10:45 GMT express:router:layer new '/'
Fri, 30 Nov 2018 18:10:45 GMT express:router:route new '/post/update-keyboard-path'
Fri, 30 Nov 2018 18:10:45 GMT express:router:layer new '/post/update-keyboard-path'
Fri, 30 Nov 2018 18:10:45 GMT express:router:route post '/post/update-keyboard-path'
Fri, 30 Nov 2018 18:10:45 GMT express:router:layer new '/'
Fri, 30 Nov 2018 18:10:45 GMT express:application set "x-powered-by" to true
Fri, 30 Nov 2018 18:10:45 GMT express:application set "etag" to 'weak'
Fri, 30 Nov 2018 18:10:45 GMT express:application set "etag fn" to [Function: generateETag]
Fri, 30 Nov 2018 18:10:45 GMT express:application set "env" to 'development'
Fri, 30 Nov 2018 18:10:45 GMT express:application set "query parser" to 'extended'
Fri, 30 Nov 2018 18:10:45 GMT express:application set "query parser fn" to [Function: parseExtendedQueryString]
Fri, 30 Nov 2018 18:10:45 GMT express:application set "subdomain offset" to 2
Fri, 30 Nov 2018 18:10:45 GMT express:application set "trust proxy" to false
Fri, 30 Nov 2018 18:10:45 GMT express:application set "trust proxy fn" to [Function: trustNone]
Fri, 30 Nov 2018 18:10:45 GMT express:application booting in development mode
Fri, 30 Nov 2018 18:10:45 GMT express:application set "view" to [Function: View]
Fri, 30 Nov 2018 18:10:45 GMT express:application set "views" to 'D:\\Users\\Kishan\\Documents\\Projects\\AutoHotKeyScripts\\views'
Fri, 30 Nov 2018 18:10:45 GMT express:application set "jsonp callback name" to 'callback'
Fri, 30 Nov 2018 18:10:51 GMT express:router use '/' query
Fri, 30 Nov 2018 18:10:51 GMT express:router:layer new '/'
Fri, 30 Nov 2018 18:10:51 GMT express:router use '/' expressInit
Fri, 30 Nov 2018 18:10:51 GMT express:router:layer new '/'
Fri, 30 Nov 2018 18:10:51 GMT express:router use '/' jsonParser
Fri, 30 Nov 2018 18:10:51 GMT express:router:layer new '/'
Fri, 30 Nov 2018 18:10:51 GMT express:router use '/api' router
Fri, 30 Nov 2018 18:10:51 GMT express:router:layer new '/api'
server info Server now listenning on port 8181
