Fri, 23 Nov 2018 18:18:08 GMT express:router:route new '/get/config'
Fri, 23 Nov 2018 18:18:08 GMT express:router:layer new '/get/config'
Fri, 23 Nov 2018 18:18:08 GMT express:router:route get '/get/config'
Fri, 23 Nov 2018 18:18:08 GMT express:router:layer new '/'
Fri, 23 Nov 2018 18:18:08 GMT express:router:route new '/post/trigger'
Fri, 23 Nov 2018 18:18:08 GMT express:router:layer new '/post/trigger'
Fri, 23 Nov 2018 18:18:08 GMT express:router:route post '/post/trigger'
Fri, 23 Nov 2018 18:18:08 GMT express:router:layer new '/'
Fri, 23 Nov 2018 18:18:08 GMT express:router:route new '/post/update-keyboard-path'
Fri, 23 Nov 2018 18:18:08 GMT express:router:layer new '/post/update-keyboard-path'
Fri, 23 Nov 2018 18:18:08 GMT express:router:route post '/post/update-keyboard-path'
Fri, 23 Nov 2018 18:18:08 GMT express:router:layer new '/'
Fri, 23 Nov 2018 18:18:08 GMT express:application set "x-powered-by" to true
Fri, 23 Nov 2018 18:18:08 GMT express:application set "etag" to 'weak'
Fri, 23 Nov 2018 18:18:08 GMT express:application set "etag fn" to [Function: generateETag]
Fri, 23 Nov 2018 18:18:08 GMT express:application set "env" to 'development'
Fri, 23 Nov 2018 18:18:08 GMT express:application set "query parser" to 'extended'
Fri, 23 Nov 2018 18:18:08 GMT express:application set "query parser fn" to [Function: parseExtendedQueryString]
Fri, 23 Nov 2018 18:18:08 GMT express:application set "subdomain offset" to 2
Fri, 23 Nov 2018 18:18:08 GMT express:application set "trust proxy" to false
Fri, 23 Nov 2018 18:18:08 GMT express:application set "trust proxy fn" to [Function: trustNone]
Fri, 23 Nov 2018 18:18:08 GMT express:application booting in development mode
Fri, 23 Nov 2018 18:18:08 GMT express:application set "view" to [Function: View]
Fri, 23 Nov 2018 18:18:08 GMT express:application set "views" to 'D:\\Users\\Kishan\\Documents\\Projects\\AutoHotKeyScripts\\views'
Fri, 23 Nov 2018 18:18:08 GMT express:application set "jsonp callback name" to 'callback'
Fri, 23 Nov 2018 18:18:08 GMT express:router use '/' query
Fri, 23 Nov 2018 18:18:08 GMT express:router:layer new '/'
Fri, 23 Nov 2018 18:18:08 GMT express:router use '/' expressInit
Fri, 23 Nov 2018 18:18:08 GMT express:router:layer new '/'
Fri, 23 Nov 2018 18:18:08 GMT express:router use '/' jsonParser
Fri, 23 Nov 2018 18:18:08 GMT express:router:layer new '/'
Fri, 23 Nov 2018 18:18:08 GMT express:router use '/api' router
Fri, 23 Nov 2018 18:18:08 GMT express:router:layer new '/api'
server info Server now listenning on port 8181
Fri, 23 Nov 2018 18:20:29 GMT express:router dispatching GET /api/get/config
Fri, 23 Nov 2018 18:20:29 GMT express:router query  : /api/get/config
Fri, 23 Nov 2018 18:20:29 GMT express:router expressInit  : /api/get/config
Fri, 23 Nov 2018 18:20:29 GMT express:router jsonParser  : /api/get/config
Fri, 23 Nov 2018 18:20:29 GMT body-parser:json skip empty body
api debug Sending a config copy as JSON...
Fri, 23 Nov 2018 18:20:29 GMT express:router trim prefix (/api) from url /api/get/config
Fri, 23 Nov 2018 18:20:29 GMT express:router router /api : /api/get/config
Fri, 23 Nov 2018 18:20:29 GMT express:router dispatching GET /get/config
Fri, 23 Nov 2018 18:20:39 GMT express:router dispatching POST /api/post/update-keyboard-path
Fri, 23 Nov 2018 18:20:39 GMT express:router query  : /api/post/update-keyboard-path
Fri, 23 Nov 2018 18:20:39 GMT express:router expressInit  : /api/post/update-keyboard-path
Fri, 23 Nov 2018 18:20:39 GMT express:router jsonParser  : /api/post/update-keyboard-path
Fri, 23 Nov 2018 18:20:39 GMT body-parser:json content-type "application/json"
Fri, 23 Nov 2018 18:20:39 GMT body-parser:json content-encoding "identity"
Fri, 23 Nov 2018 18:20:39 GMT body-parser:json read body
Fri, 23 Nov 2018 18:20:39 GMT body-parser:json parse body
Fri, 23 Nov 2018 18:20:39 GMT body-parser:json parse json
Fri, 23 Nov 2018 18:20:39 GMT express:router trim prefix (/api) from url /api/post/update-keyboard-path
Fri, 23 Nov 2018 18:20:39 GMT express:router router /api : /api/post/update-keyboard-path
Fri, 23 Nov 2018 18:20:39 GMT express:router dispatching POST /post/update-keyboard-path
api info Got update for logitech_g810, path /dev/input/by-id/usb-Logitech_Gaming_Keyboard_G810_166A37573236-event-kbd
api debug Writing config...
Fri, 23 Nov 2018 18:20:59 GMT express:router dispatching POST /api/post/trigger
Fri, 23 Nov 2018 18:20:59 GMT express:router query  : /api/post/trigger
Fri, 23 Nov 2018 18:20:59 GMT express:router expressInit  : /api/post/trigger
Fri, 23 Nov 2018 18:20:59 GMT express:router jsonParser  : /api/post/trigger
Fri, 23 Nov 2018 18:20:59 GMT body-parser:json content-type "application/json"
Fri, 23 Nov 2018 18:20:59 GMT body-parser:json content-encoding "identity"
Fri, 23 Nov 2018 18:20:59 GMT body-parser:json read body
Fri, 23 Nov 2018 18:20:59 GMT body-parser:json parse body
Fri, 23 Nov 2018 18:20:59 GMT body-parser:json parse json
Fri, 23 Nov 2018 18:20:59 GMT express:router trim prefix (/api) from url /api/post/trigger
Fri, 23 Nov 2018 18:20:59 GMT express:router router /api : /api/post/trigger
Fri, 23 Nov 2018 18:20:59 GMT express:router dispatching POST /post/trigger
api debug Got keyboard logitech_g810 and hotkey $ESC$
ahk debug #Include D:\Users\Kishan\Documents\Projects\AutoHotKeyScripts\logitech_g810\index.ahk; TerminatePremiere()
Fri, 23 Nov 2018 18:21:05 GMT express:router dispatching POST /api/post/trigger
Fri, 23 Nov 2018 18:21:05 GMT express:router query  : /api/post/trigger
Fri, 23 Nov 2018 18:21:05 GMT express:router expressInit  : /api/post/trigger
Fri, 23 Nov 2018 18:21:05 GMT express:router jsonParser  : /api/post/trigger
Fri, 23 Nov 2018 18:21:05 GMT body-parser:json content-type "application/json"
Fri, 23 Nov 2018 18:21:05 GMT body-parser:json content-encoding "identity"
Fri, 23 Nov 2018 18:21:05 GMT body-parser:json read body
Fri, 23 Nov 2018 18:21:05 GMT body-parser:json parse body
Fri, 23 Nov 2018 18:21:05 GMT body-parser:json parse json
Fri, 23 Nov 2018 18:21:05 GMT express:router trim prefix (/api) from url /api/post/trigger
Fri, 23 Nov 2018 18:21:05 GMT express:router router /api : /api/post/trigger
Fri, 23 Nov 2018 18:21:05 GMT express:router dispatching POST /post/trigger
api debug Got keyboard logitech_g810 and hotkey $ESC$
ahk debug #Include D:\Users\Kishan\Documents\Projects\AutoHotKeyScripts\logitech_g810\index.ahk; TerminatePremiere()
Fri, 23 Nov 2018 18:21:07 GMT express:router dispatching POST /api/post/trigger
Fri, 23 Nov 2018 18:21:07 GMT express:router query  : /api/post/trigger
Fri, 23 Nov 2018 18:21:07 GMT express:router expressInit  : /api/post/trigger
Fri, 23 Nov 2018 18:21:07 GMT express:router jsonParser  : /api/post/trigger
Fri, 23 Nov 2018 18:21:07 GMT body-parser:json content-type "application/json"
Fri, 23 Nov 2018 18:21:07 GMT body-parser:json content-encoding "identity"
Fri, 23 Nov 2018 18:21:07 GMT body-parser:json read body
Fri, 23 Nov 2018 18:21:07 GMT body-parser:json parse body
Fri, 23 Nov 2018 18:21:07 GMT body-parser:json parse json
Fri, 23 Nov 2018 18:21:07 GMT express:router trim prefix (/api) from url /api/post/trigger
Fri, 23 Nov 2018 18:21:07 GMT express:router router /api : /api/post/trigger
Fri, 23 Nov 2018 18:21:07 GMT express:router dispatching POST /post/trigger
api debug Got keyboard logitech_g810 and hotkey $ESC$
ahk debug #Include D:\Users\Kishan\Documents\Projects\AutoHotKeyScripts\logitech_g810\index.ahk; TerminatePremiere()
Fri, 23 Nov 2018 18:21:09 GMT express:router dispatching POST /api/post/trigger
Fri, 23 Nov 2018 18:21:09 GMT express:router query  : /api/post/trigger
Fri, 23 Nov 2018 18:21:09 GMT express:router expressInit  : /api/post/trigger
Fri, 23 Nov 2018 18:21:09 GMT express:router jsonParser  : /api/post/trigger
Fri, 23 Nov 2018 18:21:09 GMT body-parser:json content-type "application/json"
Fri, 23 Nov 2018 18:21:09 GMT body-parser:json content-encoding "identity"
Fri, 23 Nov 2018 18:21:09 GMT body-parser:json read body
Fri, 23 Nov 2018 18:21:09 GMT body-parser:json parse body
Fri, 23 Nov 2018 18:21:09 GMT body-parser:json parse json
Fri, 23 Nov 2018 18:21:09 GMT express:router trim prefix (/api) from url /api/post/trigger
Fri, 23 Nov 2018 18:21:09 GMT express:router router /api : /api/post/trigger
Fri, 23 Nov 2018 18:21:09 GMT express:router dispatching POST /post/trigger
api debug Got keyboard logitech_g810 and hotkey $ESC$
ahk debug #Include D:\Users\Kishan\Documents\Projects\AutoHotKeyScripts\logitech_g810\index.ahk; TerminatePremiere()
Fri, 23 Nov 2018 18:21:40 GMT express:router dispatching POST /api/post/trigger
Fri, 23 Nov 2018 18:21:40 GMT express:router query  : /api/post/trigger
Fri, 23 Nov 2018 18:21:40 GMT express:router expressInit  : /api/post/trigger
Fri, 23 Nov 2018 18:21:40 GMT express:router jsonParser  : /api/post/trigger
Fri, 23 Nov 2018 18:21:40 GMT body-parser:json content-type "application/json"
Fri, 23 Nov 2018 18:21:40 GMT body-parser:json content-encoding "identity"
Fri, 23 Nov 2018 18:21:40 GMT body-parser:json read body
Fri, 23 Nov 2018 18:21:40 GMT body-parser:json parse body
Fri, 23 Nov 2018 18:21:40 GMT body-parser:json parse json
Fri, 23 Nov 2018 18:21:40 GMT express:router trim prefix (/api) from url /api/post/trigger
Fri, 23 Nov 2018 18:21:40 GMT express:router router /api : /api/post/trigger
Fri, 23 Nov 2018 18:21:40 GMT express:router dispatching POST /post/trigger
api debug Got keyboard logitech_g810 and hotkey $ESC$
ahk debug #Include D:\Users\Kishan\Documents\Projects\AutoHotKeyScripts\logitech_g810\index.ahk; TerminatePremiere()
Fri, 23 Nov 2018 18:27:50 GMT express:router dispatching POST /api/post/trigger
Fri, 23 Nov 2018 18:27:50 GMT express:router query  : /api/post/trigger
Fri, 23 Nov 2018 18:27:50 GMT express:router expressInit  : /api/post/trigger
Fri, 23 Nov 2018 18:27:50 GMT express:router jsonParser  : /api/post/trigger
Fri, 23 Nov 2018 18:27:50 GMT body-parser:json content-type "application/json"
Fri, 23 Nov 2018 18:27:50 GMT body-parser:json content-encoding "identity"
Fri, 23 Nov 2018 18:27:50 GMT body-parser:json read body
Fri, 23 Nov 2018 18:27:50 GMT body-parser:json parse body
Fri, 23 Nov 2018 18:27:50 GMT body-parser:json parse json
Fri, 23 Nov 2018 18:27:50 GMT express:router trim prefix (/api) from url /api/post/trigger
Fri, 23 Nov 2018 18:27:50 GMT express:router router /api : /api/post/trigger
Fri, 23 Nov 2018 18:27:50 GMT express:router dispatching POST /post/trigger
api debug Got keyboard logitech_g810 and hotkey $ESC$
ahk debug #Include D:\Users\Kishan\Documents\Projects\AutoHotKeyScripts\logitech_g810\index.ahk; TerminatePremiere()
Fri, 23 Nov 2018 18:53:48 GMT express:router dispatching POST /api/post/trigger
Fri, 23 Nov 2018 18:53:48 GMT express:router query  : /api/post/trigger
Fri, 23 Nov 2018 18:53:48 GMT express:router expressInit  : /api/post/trigger
Fri, 23 Nov 2018 18:53:48 GMT express:router jsonParser  : /api/post/trigger
Fri, 23 Nov 2018 18:53:48 GMT body-parser:json content-type "application/json"
Fri, 23 Nov 2018 18:53:48 GMT body-parser:json content-encoding "identity"
Fri, 23 Nov 2018 18:53:48 GMT body-parser:json read body
Fri, 23 Nov 2018 18:53:48 GMT body-parser:json parse body
Fri, 23 Nov 2018 18:53:48 GMT body-parser:json parse json
Fri, 23 Nov 2018 18:53:48 GMT express:router trim prefix (/api) from url /api/post/trigger
Fri, 23 Nov 2018 18:53:48 GMT express:router router /api : /api/post/trigger
Fri, 23 Nov 2018 18:53:48 GMT express:router dispatching POST /post/trigger
api debug Got keyboard logitech_g810 and hotkey Q
ahk debug #Include D:\Users\Kishan\Documents\Projects\AutoHotKeyScripts\logitech_g810\index.ahk; DrapCopyEffects()
Fri, 23 Nov 2018 18:53:51 GMT express:router dispatching POST /api/post/trigger
Fri, 23 Nov 2018 18:53:51 GMT express:router query  : /api/post/trigger
Fri, 23 Nov 2018 18:53:51 GMT express:router expressInit  : /api/post/trigger
Fri, 23 Nov 2018 18:53:51 GMT express:router jsonParser  : /api/post/trigger
Fri, 23 Nov 2018 18:53:51 GMT body-parser:json content-type "application/json"
Fri, 23 Nov 2018 18:53:51 GMT body-parser:json content-encoding "identity"
Fri, 23 Nov 2018 18:53:51 GMT body-parser:json read body
Fri, 23 Nov 2018 18:53:51 GMT body-parser:json parse body
Fri, 23 Nov 2018 18:53:51 GMT body-parser:json parse json
Fri, 23 Nov 2018 18:53:51 GMT express:router trim prefix (/api) from url /api/post/trigger
Fri, 23 Nov 2018 18:53:51 GMT express:router router /api : /api/post/trigger
Fri, 23 Nov 2018 18:53:51 GMT express:router dispatching POST /post/trigger
api debug Got keyboard logitech_g810 and hotkey Q
ahk debug #Include D:\Users\Kishan\Documents\Projects\AutoHotKeyScripts\logitech_g810\index.ahk; DrapCopyEffects()
Fri, 23 Nov 2018 18:54:25 GMT express:router dispatching POST /api/post/trigger
Fri, 23 Nov 2018 18:54:25 GMT express:router query  : /api/post/trigger
Fri, 23 Nov 2018 18:54:25 GMT express:router expressInit  : /api/post/trigger
Fri, 23 Nov 2018 18:54:25 GMT express:router jsonParser  : /api/post/trigger
Fri, 23 Nov 2018 18:54:25 GMT body-parser:json content-type "application/json"
Fri, 23 Nov 2018 18:54:25 GMT body-parser:json content-encoding "identity"
Fri, 23 Nov 2018 18:54:25 GMT body-parser:json read body
Fri, 23 Nov 2018 18:54:25 GMT body-parser:json parse body
Fri, 23 Nov 2018 18:54:25 GMT body-parser:json parse json
Fri, 23 Nov 2018 18:54:25 GMT express:router trim prefix (/api) from url /api/post/trigger
Fri, 23 Nov 2018 18:54:25 GMT express:router router /api : /api/post/trigger
Fri, 23 Nov 2018 18:54:25 GMT express:router dispatching POST /post/trigger
api debug Got keyboard logitech_g810 and hotkey Q
ahk debug #Include D:\Users\Kishan\Documents\Projects\AutoHotKeyScripts\logitech_g810\index.ahk; DrapCopyEffects()
Fri, 23 Nov 2018 18:54:26 GMT express:router dispatching POST /api/post/trigger
Fri, 23 Nov 2018 18:54:26 GMT express:router query  : /api/post/trigger
Fri, 23 Nov 2018 18:54:26 GMT express:router expressInit  : /api/post/trigger
Fri, 23 Nov 2018 18:54:26 GMT express:router jsonParser  : /api/post/trigger
Fri, 23 Nov 2018 18:54:26 GMT body-parser:json content-type "application/json"
Fri, 23 Nov 2018 18:54:26 GMT body-parser:json content-encoding "identity"
Fri, 23 Nov 2018 18:54:26 GMT body-parser:json read body
Fri, 23 Nov 2018 18:54:26 GMT body-parser:json parse body
Fri, 23 Nov 2018 18:54:26 GMT body-parser:json parse json
Fri, 23 Nov 2018 18:54:26 GMT express:router trim prefix (/api) from url /api/post/trigger
Fri, 23 Nov 2018 18:54:26 GMT express:router router /api : /api/post/trigger
Fri, 23 Nov 2018 18:54:26 GMT express:router dispatching POST /post/trigger
api debug Got keyboard logitech_g810 and hotkey Q
ahk debug #Include D:\Users\Kishan\Documents\Projects\AutoHotKeyScripts\logitech_g810\index.ahk; DrapCopyEffects()
Fri, 23 Nov 2018 18:54:29 GMT express:router dispatching POST /api/post/trigger
Fri, 23 Nov 2018 18:54:29 GMT express:router query  : /api/post/trigger
Fri, 23 Nov 2018 18:54:29 GMT express:router expressInit  : /api/post/trigger
Fri, 23 Nov 2018 18:54:29 GMT express:router jsonParser  : /api/post/trigger
Fri, 23 Nov 2018 18:54:29 GMT body-parser:json content-type "application/json"
Fri, 23 Nov 2018 18:54:29 GMT body-parser:json content-encoding "identity"
Fri, 23 Nov 2018 18:54:29 GMT body-parser:json read body
Fri, 23 Nov 2018 18:54:29 GMT body-parser:json parse body
Fri, 23 Nov 2018 18:54:29 GMT body-parser:json parse json
Fri, 23 Nov 2018 18:54:29 GMT express:router trim prefix (/api) from url /api/post/trigger
Fri, 23 Nov 2018 18:54:29 GMT express:router router /api : /api/post/trigger
Fri, 23 Nov 2018 18:54:29 GMT express:router dispatching POST /post/trigger
api debug Got keyboard logitech_g810 and hotkey Q
ahk debug #Include D:\Users\Kishan\Documents\Projects\AutoHotKeyScripts\logitech_g810\index.ahk; DrapCopyEffects()
Fri, 23 Nov 2018 18:54:30 GMT express:router dispatching POST /api/post/trigger
Fri, 23 Nov 2018 18:54:30 GMT express:router query  : /api/post/trigger
Fri, 23 Nov 2018 18:54:30 GMT express:router expressInit  : /api/post/trigger
Fri, 23 Nov 2018 18:54:30 GMT express:router jsonParser  : /api/post/trigger
Fri, 23 Nov 2018 18:54:30 GMT body-parser:json content-type "application/json"
Fri, 23 Nov 2018 18:54:30 GMT body-parser:json content-encoding "identity"
Fri, 23 Nov 2018 18:54:30 GMT body-parser:json read body
Fri, 23 Nov 2018 18:54:30 GMT body-parser:json parse body
Fri, 23 Nov 2018 18:54:30 GMT body-parser:json parse json
Fri, 23 Nov 2018 18:54:30 GMT express:router trim prefix (/api) from url /api/post/trigger
Fri, 23 Nov 2018 18:54:30 GMT express:router router /api : /api/post/trigger
Fri, 23 Nov 2018 18:54:30 GMT express:router dispatching POST /post/trigger
api debug Got keyboard logitech_g810 and hotkey Q
ahk debug #Include D:\Users\Kishan\Documents\Projects\AutoHotKeyScripts\logitech_g810\index.ahk; DrapCopyEffects()
Fri, 23 Nov 2018 18:54:36 GMT express:router dispatching POST /api/post/trigger
Fri, 23 Nov 2018 18:54:36 GMT express:router query  : /api/post/trigger
Fri, 23 Nov 2018 18:54:36 GMT express:router expressInit  : /api/post/trigger
Fri, 23 Nov 2018 18:54:36 GMT express:router jsonParser  : /api/post/trigger
Fri, 23 Nov 2018 18:54:36 GMT body-parser:json content-type "application/json"
Fri, 23 Nov 2018 18:54:36 GMT body-parser:json content-encoding "identity"
Fri, 23 Nov 2018 18:54:36 GMT body-parser:json read body
Fri, 23 Nov 2018 18:54:36 GMT body-parser:json parse body
Fri, 23 Nov 2018 18:54:36 GMT body-parser:json parse json
Fri, 23 Nov 2018 18:54:36 GMT express:router trim prefix (/api) from url /api/post/trigger
Fri, 23 Nov 2018 18:54:36 GMT express:router router /api : /api/post/trigger
Fri, 23 Nov 2018 18:54:36 GMT express:router dispatching POST /post/trigger
api debug Got keyboard logitech_g810 and hotkey Q
ahk debug #Include D:\Users\Kishan\Documents\Projects\AutoHotKeyScripts\logitech_g810\index.ahk; DrapCopyEffects()
